\BOOKMARK [0][-]{chapter*.1}{\376\377\000R\000e\000s\000u\000m\000e\000n}{}% 1
\BOOKMARK [0][-]{chapter*.1}{\376\377\000A\000b\000s\000t\000r\000a\000c\000t}{}% 2
\BOOKMARK [0][-]{chapter.1}{\376\377\000O\000p\000t\000i\000m\000i\000z\000a\000c\000i\000\363\000n\000\040\000c\000o\000m\000b\000i\000n\000a\000t\000o\000r\000i\000a}{}% 3
\BOOKMARK [1][-]{section.1.1}{\376\377\000C\000o\000n\000c\000e\000p\000t\000o\000s\000\040\000g\000e\000n\000e\000r\000a\000l\000e\000s}{chapter.1}% 4
\BOOKMARK [1][-]{section.1.2}{\376\377\000C\000o\000m\000p\000l\000e\000j\000i\000d\000a\000d\000.\000\040\000P\000r\000o\000b\000l\000e\000m\000a\000s\000\040\000P\000\040\000v\000s\000\040\000N\000P}{chapter.1}% 5
\BOOKMARK [1][-]{section.1.3}{\376\377\000A\000l\000g\000o\000r\000i\000t\000m\000o\000s\000\040\000h\000e\000u\000r\000\355\000s\000t\000i\000c\000o\000s\000\040\000y\000\040\000m\000e\000t\000a\000h\000e\000u\000r\000\355\000s\000t\000i\000c\000o\000s}{chapter.1}% 6
\BOOKMARK [0][-]{chapter.2}{\376\377\000P\000r\000o\000b\000l\000e\000m\000a\000\040\000d\000e\000l\000\040\000e\000m\000p\000a\000q\000u\000e\000t\000a\000m\000i\000e\000n\000t\000o\000\040\000\050\000B\000i\000n\000\040\000P\000a\000c\000k\000i\000n\000g\000\051}{}% 7
\BOOKMARK [1][-]{section.2.1}{\376\377\000I\000n\000t\000r\000o\000d\000u\000c\000c\000i\000\363\000n}{chapter.2}% 8
\BOOKMARK [1][-]{section.2.2}{\376\377\000A\000l\000g\000o\000r\000i\000t\000m\000o\000s\000\040\000v\000o\000r\000a\000c\000e\000s}{chapter.2}% 9
\BOOKMARK [2][-]{subsection.2.2.1}{\376\377\000P\000r\000i\000m\000e\000r\000a\000s\000\040\000a\000p\000r\000o\000x\000i\000m\000a\000c\000i\000o\000n\000e\000s}{section.2.2}% 10
\BOOKMARK [2][-]{subsection.2.2.2}{\376\377\000A\000l\000g\000u\000n\000a\000s\000\040\000v\000a\000r\000i\000a\000c\000i\000o\000n\000e\000s\000\040\000d\000e\000\040\000l\000o\000s\000\040\000m\000\351\000t\000o\000d\000o\000s\000\040\000a\000n\000t\000e\000r\000i\000o\000r\000e\000s}{section.2.2}% 11
\BOOKMARK [2][-]{subsection.2.2.3}{\376\377\000\301\000r\000b\000o\000l\000e\000s\000\040\000A\000V\000L\000.}{section.2.2}% 12
\BOOKMARK [2][-]{subsection.2.2.4}{\376\377\000A\000l\000g\000o\000r\000i\000t\000m\000o\000s\000\040\000e\000v\000o\000l\000u\000t\000i\000v\000o\000s}{section.2.2}% 13
\BOOKMARK [0][-]{chapter.3}{\376\377\000I\000m\000p\000l\000e\000m\000e\000n\000t\000a\000c\000i\000\363\000n}{}% 14
\BOOKMARK [1][-]{section.3.1}{\376\377\000I\000n\000t\000r\000o\000d\000u\000c\000c\000i\000\363\000n}{chapter.3}% 15
\BOOKMARK [1][-]{section.3.2}{\376\377\000P\000r\000e\000p\000a\000r\000a\000c\000i\000\363\000n\000\040\000d\000e\000l\000\040\000p\000r\000o\000b\000l\000e\000m\000a}{chapter.3}% 16
\BOOKMARK [2][-]{subsection.3.2.1}{\376\377\000L\000a\000\040\000c\000l\000a\000s\000e\000\040\000B\000i\000n}{section.3.2}% 17
\BOOKMARK [2][-]{subsection.3.2.2}{\376\377\000L\000a\000s\000\040\000c\000l\000a\000s\000e\000s\000\040\000P\000r\000o\000b\000l\000e\000m\000I\000n\000s\000t\000a\000n\000c\000e\000\040\000y\000\040\000S\000o\000l\000u\000t\000i\000o\000n}{section.3.2}% 18
\BOOKMARK [2][-]{subsection.3.2.3}{\376\377\000L\000a\000\040\000c\000l\000a\000s\000e\000\040\000U\000t\000i\000l\000s}{section.3.2}% 19
\BOOKMARK [1][-]{section.3.3}{\376\377\000A\000l\000g\000o\000r\000i\000t\000m\000o\000s\000\040\000v\000o\000r\000a\000c\000e\000s}{chapter.3}% 20
\BOOKMARK [1][-]{section.3.4}{\376\377\000E\000l\000\040\000a\000l\000g\000o\000r\000i\000t\000m\000o\000\040\000e\000v\000o\000l\000u\000t\000i\000v\000o}{chapter.3}% 21
\BOOKMARK [2][-]{subsection.3.4.1}{\376\377\000C\000l\000a\000s\000e\000s\000\040\000p\000a\000r\000a\000\040\000g\000e\000n\000e\000r\000a\000r\000\040\000l\000a\000\040\000p\000o\000b\000l\000a\000c\000i\000\363\000n\000\040\000i\000n\000i\000c\000i\000a\000l}{section.3.4}% 22
\BOOKMARK [2][-]{subsection.3.4.2}{\376\377\000C\000l\000a\000s\000e\000s\000\040\000p\000a\000r\000a\000\040\000l\000o\000s\000\040\000c\000r\000u\000c\000e\000s\000\040\000y\000\040\000m\000u\000t\000a\000c\000i\000o\000n\000e\000s}{section.3.4}% 23
\BOOKMARK [0][-]{chapter.4}{\376\377\000C\000o\000n\000c\000l\000u\000s\000i\000o\000n\000e\000s}{}% 24
\BOOKMARK [0][-]{chapter.4}{\376\377\000B\000i\000b\000l\000i\000o\000g\000r\000a\000f\000\355\000a}{}% 25
