This is pdfTeX, Version 3.141592653-2.6-1.40.22 (MiKTeX 21.3) (preloaded format=pdflatex 2021.6.3)  31 AUG 2021 05:05
entering extended mode
**./document.tex
(document.tex
LaTeX2e <2020-10-01> patch level 4
L3 programming layer <2021-05-27>
(C:\Users\rafae\AppData\Local\Programs\MiKTeX 2.9\tex/latex/base\book.cls
Document Class: book 2020/04/10 v1.4m Standard LaTeX document class
(C:\Users\rafae\AppData\Local\Programs\MiKTeX 2.9\tex/latex/base\bk12.clo
File: bk12.clo 2020/04/10 v1.4m Standard LaTeX file (size option)
)
\c@part=\count181
\c@chapter=\count182
\c@section=\count183
\c@subsection=\count184
\c@subsubsection=\count185
\c@paragraph=\count186
\c@subparagraph=\count187
\c@figure=\count188
\c@table=\count189
\abovecaptionskip=\skip47
\belowcaptionskip=\skip48
\bibindent=\dimen138
)
(C:\Users\rafae\AppData\Local\Programs\MiKTeX 2.9\tex/latex/geometry\geometry.s
ty
Package: geometry 2020/01/02 v5.9 Page Geometry

(C:\Users\rafae\AppData\Local\Programs\MiKTeX 2.9\tex/latex/graphics\keyval.sty
Package: keyval 2014/10/28 v1.15 key=value parser (DPC)
\KV@toks@=\toks15
)
(C:\Users\rafae\AppData\Local\Programs\MiKTeX 2.9\tex/generic/iftex\ifvtex.sty
Package: ifvtex 2019/10/25 v1.7 ifvtex legacy package. Use iftex instead.

(C:\Users\rafae\AppData\Local\Programs\MiKTeX 2.9\tex/generic/iftex\iftex.sty
Package: iftex 2020/03/06 v1.0d TeX engine tests
))
\Gm@cnth=\count190
\Gm@cntv=\count191
\c@Gm@tempcnt=\count192
\Gm@bindingoffset=\dimen139
\Gm@wd@mp=\dimen140
\Gm@odd@mp=\dimen141
\Gm@even@mp=\dimen142
\Gm@layoutwidth=\dimen143
\Gm@layoutheight=\dimen144
\Gm@layouthoffset=\dimen145
\Gm@layoutvoffset=\dimen146
\Gm@dimlist=\toks16

(C:\Users\rafae\AppData\Local\Programs\MiKTeX 2.9\tex/latex/geometry\geometry.c
fg))
(C:\Users\rafae\AppData\Local\Programs\MiKTeX 2.9\tex/generic/babel\babel.sty
Package: babel 2021/05/16 3.59 The Babel package

(C:\Users\rafae\AppData\Local\Programs\MiKTeX 2.9\tex/generic/babel\babel.def
File: babel.def 2021/05/16 3.59 Babel common definitions
\babel@savecnt=\count193
\U@D=\dimen147
\l@unhyphenated=\language83

(C:\Users\rafae\AppData\Local\Programs\MiKTeX 2.9\tex/generic/babel\txtbabel.de
f)
\bbl@readstream=\read2
)
\bbl@dirlevel=\count194

*************************************
* Local config file bblopts.cfg used
*
(C:\Users\rafae\AppData\Local\Programs\MiKTeX 2.9\tex/latex/arabi\bblopts.cfg
File: bblopts.cfg 2005/09/08 v0.1 add Arabic and Farsi to "declared" options of
 babel
)
(C:\Users\rafae\AppData\Local\Programs\MiKTeX 2.9\tex/latex/babel-spanish\spani
sh.ldf
Language: spanish.ldf 2021/05/27 v5.0q Spanish support from the babel system
\es@quottoks=\toks17
\es@quotdepth=\count195
Package babel Info: Making ' an active character on input line 740.
))
(C:\Users\rafae\AppData\Local\Programs\MiKTeX 2.9\tex/latex/base\inputenc.sty
Package: inputenc 2020/08/01 v1.3d Input encoding file
\inpenc@prehook=\toks18
\inpenc@posthook=\toks19

(C:\Users\rafae\AppData\Local\Programs\MiKTeX 2.9\tex/latex/base\latin1.def
File: latin1.def 2020/08/01 v1.3d Input encoding file
))
(C:\Users\rafae\AppData\Local\Programs\MiKTeX 2.9\tex/latex/graphics\graphicx.s
ty
Package: graphicx 2020/09/09 v1.2b Enhanced LaTeX Graphics (DPC,SPQR)

(C:\Users\rafae\AppData\Local\Programs\MiKTeX 2.9\tex/latex/graphics\graphics.s
ty
Package: graphics 2020/08/30 v1.4c Standard LaTeX Graphics (DPC,SPQR)

(C:\Users\rafae\AppData\Local\Programs\MiKTeX 2.9\tex/latex/graphics\trig.sty
Package: trig 2016/01/03 v1.10 sin cos tan (DPC)
)
(C:\Users\rafae\AppData\Local\Programs\MiKTeX 2.9\tex/latex/graphics-cfg\graphi
cs.cfg
File: graphics.cfg 2016/06/04 v1.11 sample graphics configuration
)
Package graphics Info: Driver file: pdftex.def on input line 105.

(C:\Users\rafae\AppData\Local\Programs\MiKTeX 2.9\tex/latex/graphics-def\pdftex
.def
File: pdftex.def 2020/10/05 v1.2a Graphics/color driver for pdftex
))
\Gin@req@height=\dimen148
\Gin@req@width=\dimen149
)
(C:\Users\rafae\AppData\Local\Programs\MiKTeX 2.9\tex/latex/amsfonts\amssymb.st
y
Package: amssymb 2013/01/14 v3.01 AMS font symbols

(C:\Users\rafae\AppData\Local\Programs\MiKTeX 2.9\tex/latex/amsfonts\amsfonts.s
ty
Package: amsfonts 2013/01/14 v3.01 Basic AMSFonts support
\@emptytoks=\toks20
\symAMSa=\mathgroup4
\symAMSb=\mathgroup5
LaTeX Font Info:    Redeclaring math symbol \hbar on input line 98.
LaTeX Font Info:    Overwriting math alphabet `\mathfrak' in version `bold'
(Font)                  U/euf/m/n --> U/euf/b/n on input line 106.
))
(C:\Users\rafae\AppData\Local\Programs\MiKTeX 2.9\tex/latex/amscls\amsthm.sty
Package: amsthm 2020/05/29 v2.20.6
\thm@style=\toks21
\thm@bodyfont=\toks22
\thm@headfont=\toks23
\thm@notefont=\toks24
\thm@headpunct=\toks25
\thm@preskip=\skip49
\thm@postskip=\skip50
\thm@headsep=\skip51
\dth@everypar=\toks26
)
(C:\Users\rafae\AppData\Local\Programs\MiKTeX 2.9\tex/latex/amsmath\amsmath.sty
Package: amsmath 2020/09/23 v2.17i AMS math features
\@mathmargin=\skip52
For additional information on amsmath, use the `?' option.

(C:\Users\rafae\AppData\Local\Programs\MiKTeX 2.9\tex/latex/amsmath\amstext.sty
Package: amstext 2000/06/29 v2.01 AMS text
(C:\Users\rafae\AppData\Local\Programs\MiKTeX 2.9\tex/latex/amsmath\amsgen.sty
File: amsgen.sty 1999/11/30 v2.0 generic functions
\@emptytoks=\toks27
\ex@=\dimen150
))
(C:\Users\rafae\AppData\Local\Programs\MiKTeX 2.9\tex/latex/amsmath\amsbsy.sty
Package: amsbsy 1999/11/29 v1.2d Bold Symbols
\pmbraise@=\dimen151
) (C:\Users\rafae\AppData\Local\Programs\MiKTeX 2.9\tex/latex/amsmath\amsopn.st
y
Package: amsopn 2016/03/08 v2.02 operator names
)
\inf@bad=\count196
LaTeX Info: Redefining \frac on input line 234.
\uproot@=\count197
\leftroot@=\count198
LaTeX Info: Redefining \overline on input line 399.
\classnum@=\count199
\DOTSCASE@=\count266
LaTeX Info: Redefining \ldots on input line 496.
LaTeX Info: Redefining \dots on input line 499.
LaTeX Info: Redefining \cdots on input line 620.
\Mathstrutbox@=\box47
\strutbox@=\box48
\big@size=\dimen152
LaTeX Font Info:    Redeclaring font encoding OML on input line 743.
LaTeX Font Info:    Redeclaring font encoding OMS on input line 744.
\macc@depth=\count267
\c@MaxMatrixCols=\count268
\dotsspace@=\muskip16
\c@parentequation=\count269
\dspbrk@lvl=\count270
\tag@help=\toks28
\row@=\count271
\column@=\count272
\maxfields@=\count273
\andhelp@=\toks29
\eqnshift@=\dimen153
\alignsep@=\dimen154
\tagshift@=\dimen155
\tagwidth@=\dimen156
\totwidth@=\dimen157
\lineht@=\dimen158
\@envbody=\toks30
\multlinegap=\skip53
\multlinetaggap=\skip54
\mathdisplay@stack=\toks31
LaTeX Info: Redefining \[ on input line 2923.
LaTeX Info: Redefining \] on input line 2924.
) (C:\Users\rafae\AppData\Local\Programs\MiKTeX 2.9\tex/latex/base\makeidx.sty
Package: makeidx 2014/09/29 v1.0m Standard LaTeX package
)
(C:\Users\rafae\AppData\Local\Programs\MiKTeX 2.9\tex/latex/graphics\color.sty
Package: color 2020/02/24 v1.2b Standard LaTeX Color (DPC)

(C:\Users\rafae\AppData\Local\Programs\MiKTeX 2.9\tex/latex/graphics-cfg\color.
cfg
File: color.cfg 2016/01/02 v1.6 sample color configuration
)
Package color Info: Driver file: pdftex.def on input line 147.
)
(C:\Users\rafae\AppData\Local\Programs\MiKTeX 2.9\tex/latex/algorithmicx\algpse
udocode.sty
Package: algpseudocode 

(C:\Users\rafae\AppData\Local\Programs\MiKTeX 2.9\tex/latex/base\ifthen.sty
Package: ifthen 2014/09/29 v1.1c Standard LaTeX ifthen package (DPC)
)
(C:\Users\rafae\AppData\Local\Programs\MiKTeX 2.9\tex/latex/algorithmicx\algori
thmicx.sty
Package: algorithmicx 2005/04/27 v1.2 Algorithmicx

Document Style algorithmicx 1.2 - a greatly improved `algorithmic' style
\c@ALG@line=\count274
\c@ALG@rem=\count275
\c@ALG@nested=\count276
\ALG@tlm=\skip55
\ALG@thistlm=\skip56
\c@ALG@Lnr=\count277
\c@ALG@blocknr=\count278
\c@ALG@storecount=\count279
\c@ALG@tmpcounter=\count280
\ALG@tmplength=\skip57
)
Document Style - pseudocode environments for use with the `algorithmicx' style
)
(C:\Users\rafae\AppData\Local\Programs\MiKTeX 2.9\tex/latex/hyperref\hyperref.s
ty
Package: hyperref 2021-02-27 v7.00k Hypertext links for LaTeX

(C:\Users\rafae\AppData\Local\Programs\MiKTeX 2.9\tex/generic/ltxcmds\ltxcmds.s
ty
Package: ltxcmds 2020-05-10 v1.25 LaTeX kernel commands for general use (HO)
)
(C:\Users\rafae\AppData\Local\Programs\MiKTeX 2.9\tex/generic/pdftexcmds\pdftex
cmds.sty
Package: pdftexcmds 2020-06-27 v0.33 Utility functions of pdfTeX for LuaTeX (HO
)

(C:\Users\rafae\AppData\Local\Programs\MiKTeX 2.9\tex/generic/infwarerr\infware
rr.sty
Package: infwarerr 2019/12/03 v1.5 Providing info/warning/error messages (HO)
)
Package pdftexcmds Info: \pdf@primitive is available.
Package pdftexcmds Info: \pdf@ifprimitive is available.
Package pdftexcmds Info: \pdfdraftmode found.
)
(C:\Users\rafae\AppData\Local\Programs\MiKTeX 2.9\tex/generic/kvsetkeys\kvsetke
ys.sty
Package: kvsetkeys 2019/12/15 v1.18 Key value parser (HO)
)
(C:\Users\rafae\AppData\Local\Programs\MiKTeX 2.9\tex/generic/kvdefinekeys\kvde
finekeys.sty
Package: kvdefinekeys 2019-12-19 v1.6 Define keys (HO)
)
(C:\Users\rafae\AppData\Local\Programs\MiKTeX 2.9\tex/generic/pdfescape\pdfesca
pe.sty
Package: pdfescape 2019/12/09 v1.15 Implements pdfTeX's escape features (HO)
)
(C:\Users\rafae\AppData\Local\Programs\MiKTeX 2.9\tex/latex/hycolor\hycolor.sty
Package: hycolor 2020-01-27 v1.10 Color options for hyperref/bookmark (HO)
)
(C:\Users\rafae\AppData\Local\Programs\MiKTeX 2.9\tex/latex/letltxmacro\letltxm
acro.sty
Package: letltxmacro 2019/12/03 v1.6 Let assignment for LaTeX macros (HO)
)
(C:\Users\rafae\AppData\Local\Programs\MiKTeX 2.9\tex/latex/auxhook\auxhook.sty
Package: auxhook 2019-12-17 v1.6 Hooks for auxiliary files (HO)
)
(C:\Users\rafae\AppData\Local\Programs\MiKTeX 2.9\tex/latex/kvoptions\kvoptions
.sty
Package: kvoptions 2020-10-07 v3.14 Key value format for package options (HO)
)
\@linkdim=\dimen159
\Hy@linkcounter=\count281
\Hy@pagecounter=\count282

(C:\Users\rafae\AppData\Local\Programs\MiKTeX 2.9\tex/latex/hyperref\pd1enc.def
File: pd1enc.def 2021-02-27 v7.00k Hyperref: PDFDocEncoding definition (HO)
Now handling font encoding PD1 ...
... no UTF-8 mapping file for font encoding PD1
)
(C:\Users\rafae\AppData\Local\Programs\MiKTeX 2.9\tex/latex/hyperref\hyperref-l
angpatches.def
File: hyperref-langpatches.def 2021-02-27 v7.00k Hyperref: patches for babel la
nguages
)
(C:\Users\rafae\AppData\Local\Programs\MiKTeX 2.9\tex/generic/intcalc\intcalc.s
ty
Package: intcalc 2019/12/15 v1.3 Expandable calculations with integers (HO)
)
(C:\Users\rafae\AppData\Local\Programs\MiKTeX 2.9\tex/generic/etexcmds\etexcmds
.sty
Package: etexcmds 2019/12/15 v1.7 Avoid name clashes with e-TeX commands (HO)
)
\Hy@SavedSpaceFactor=\count283

(C:\Users\rafae\AppData\Local\Programs\MiKTeX 2.9\tex/latex/hyperref\puenc.def
File: puenc.def 2021-02-27 v7.00k Hyperref: PDF Unicode definition (HO)
Now handling font encoding PU ...
... no UTF-8 mapping file for font encoding PU
)
Package hyperref Info: Hyper figures OFF on input line 4192.
Package hyperref Info: Link nesting OFF on input line 4197.
Package hyperref Info: Hyper index ON on input line 4200.
Package hyperref Info: Plain pages OFF on input line 4207.
Package hyperref Info: Backreferencing OFF on input line 4212.
Package hyperref Info: Implicit mode ON; LaTeX internals redefined.
Package hyperref Info: Bookmarks ON on input line 4445.
\c@Hy@tempcnt=\count284
(C:\Users\rafae\AppData\Local\Programs\MiKTeX 2.9\tex/latex/url\url.sty
\Urlmuskip=\muskip17
Package: url 2013/09/16  ver 3.4  Verb mode for urls, etc.
)
LaTeX Info: Redefining \url on input line 4804.
\XeTeXLinkMargin=\dimen160

(C:\Users\rafae\AppData\Local\Programs\MiKTeX 2.9\tex/generic/bitset\bitset.sty
Package: bitset 2019/12/09 v1.3 Handle bit-vector datatype (HO)

(C:\Users\rafae\AppData\Local\Programs\MiKTeX 2.9\tex/generic/bigintcalc\bigint
calc.sty
Package: bigintcalc 2019/12/15 v1.5 Expandable calculations on big integers (HO
)
))
\Fld@menulength=\count285
\Field@Width=\dimen161
\Fld@charsize=\dimen162
Package hyperref Info: Hyper figures OFF on input line 6075.
Package hyperref Info: Link nesting OFF on input line 6080.
Package hyperref Info: Hyper index ON on input line 6083.
Package hyperref Info: backreferencing OFF on input line 6090.
Package hyperref Info: Link coloring OFF on input line 6095.
Package hyperref Info: Link coloring with OCG OFF on input line 6100.
Package hyperref Info: PDF/A mode OFF on input line 6105.
LaTeX Info: Redefining \ref on input line 6145.
LaTeX Info: Redefining \pageref on input line 6149.

(C:\Users\rafae\AppData\Local\Programs\MiKTeX 2.9\tex/latex/base\atbegshi-ltx.s
ty
Package: atbegshi-ltx 2020/08/17 v1.0a Emulation of the original atbegshi packa
ge
with kernel methods
)
\Hy@abspage=\count286
\c@Item=\count287
\c@Hfootnote=\count288
)
Package hyperref Info: Driver (autodetected): hpdftex.

(C:\Users\rafae\AppData\Local\Programs\MiKTeX 2.9\tex/latex/hyperref\hpdftex.de
f
File: hpdftex.def 2021-02-27 v7.00k Hyperref driver for pdfTeX

(C:\Users\rafae\AppData\Local\Programs\MiKTeX 2.9\tex/latex/base\atveryend-ltx.
sty
Package: atveryend-ltx 2020/08/19 v1.0a Emulation of the original atvery packag
e
with kernel methods
)
\Fld@listcount=\count289
\c@bookmark@seq@number=\count290

(C:\Users\rafae\AppData\Local\Programs\MiKTeX 2.9\tex/latex/rerunfilecheck\reru
nfilecheck.sty
Package: rerunfilecheck 2019/12/05 v1.9 Rerun checks for auxiliary files (HO)

(C:\Users\rafae\AppData\Local\Programs\MiKTeX 2.9\tex/generic/uniquecounter\uni
quecounter.sty
Package: uniquecounter 2019/12/15 v1.4 Provide unlimited unique counter (HO)
)
Package uniquecounter Info: New unique counter `rerunfilecheck' on input line 2
86.
)
\Hy@SectionHShift=\skip58
)
\c@definicion=\count291
\c@lema=\count292
\c@proposicion=\count293
\c@teorema=\count294
\c@corolario=\count295
\c@observacion=\count296
\c@ejemplo=\count297
\c@ejercicio=\count298

(C:\Users\rafae\AppData\Local\Programs\MiKTeX 2.9\tex/latex/l3backend\l3backend
-pdftex.def
File: l3backend-pdftex.def 2021-05-07 L3 backend support: PDF output (pdfTeX)
\l__color_backend_stack_int=\count299
\l__pdf_internal_box=\box49
) (document.aux
LaTeX Info: Redefining \. on input line 22.
LaTeX Info: Redefining \% on input line 22.
)
\openout1 = `document.aux'.

LaTeX Font Info:    Checking defaults for OML/cmm/m/it on input line 33.
LaTeX Font Info:    ... okay on input line 33.
LaTeX Font Info:    Checking defaults for OMS/cmsy/m/n on input line 33.
LaTeX Font Info:    ... okay on input line 33.
LaTeX Font Info:    Checking defaults for OT1/cmr/m/n on input line 33.
LaTeX Font Info:    ... okay on input line 33.
LaTeX Font Info:    Checking defaults for T1/cmr/m/n on input line 33.
LaTeX Font Info:    ... okay on input line 33.
LaTeX Font Info:    Checking defaults for TS1/cmr/m/n on input line 33.
LaTeX Font Info:    ... okay on input line 33.
LaTeX Font Info:    Checking defaults for OMX/cmex/m/n on input line 33.
LaTeX Font Info:    ... okay on input line 33.
LaTeX Font Info:    Checking defaults for U/cmr/m/n on input line 33.
LaTeX Font Info:    ... okay on input line 33.
LaTeX Font Info:    Checking defaults for PD1/pdf/m/n on input line 33.
LaTeX Font Info:    ... okay on input line 33.
LaTeX Font Info:    Checking defaults for PU/pdf/m/n on input line 33.
LaTeX Font Info:    ... okay on input line 33.

*geometry* driver: auto-detecting
*geometry* detected driver: pdftex
*geometry* verbose mode - [ preamble ] result:
* driver: pdftex
* paper: a4paper
* layout: <same size as paper>
* layoutoffset:(h,v)=(0.0pt,0.0pt)
* modes: 
* h-part:(L,W,R)=(71.13188pt, 455.24411pt, 71.13188pt)
* v-part:(T,H,B)=(71.13188pt, 702.78308pt, 71.13188pt)
* \paperwidth=597.50787pt
* \paperheight=845.04684pt
* \textwidth=455.24411pt
* \textheight=702.78308pt
* \oddsidemargin=-1.1381pt
* \evensidemargin=-1.1381pt
* \topmargin=-33.0119pt
* \headheight=12.0pt
* \headsep=19.8738pt
* \topskip=12.0pt
* \footskip=30.0pt
* \marginparwidth=38.0pt
* \marginparsep=7.0pt
* \columnsep=10.0pt
* \skip\footins=10.8pt plus 4.0pt minus 2.0pt
* \hoffset=0.0pt
* \voffset=0.0pt
* \mag=1000
* \@twocolumnfalse
* \@twosidefalse
* \@mparswitchfalse
* \@reversemarginfalse
* (1in=72.27pt=25.4mm, 1cm=28.453pt)

LaTeX Info: Redefining \. on input line 33.
LaTeX Info: Redefining \% on input line 33.

(C:\Users\rafae\AppData\Local\Programs\MiKTeX 2.9\tex/context/base/mkii\supp-pd
f.mkii
[Loading MPS to PDF converter (version 2006.09.02).]
\scratchcounter=\count300
\scratchdimen=\dimen163
\scratchbox=\box50
\nofMPsegments=\count301
\nofMParguments=\count302
\everyMPshowfont=\toks32
\MPscratchCnt=\count303
\MPscratchDim=\dimen164
\MPnumerator=\count304
\makeMPintoPDFobject=\count305
\everyMPtoPDFconversion=\toks33
)
(C:\Users\rafae\AppData\Local\Programs\MiKTeX 2.9\tex/latex/epstopdf-pkg\epstop
df-base.sty
Package: epstopdf-base 2020-01-24 v2.11 Base part for package epstopdf
Package epstopdf-base Info: Redefining graphics rule for `.eps' on input line 4
85.

(C:\Users\rafae\AppData\Local\Programs\MiKTeX 2.9\tex/latex/00miktex\epstopdf-s
ys.cfg
File: epstopdf-sys.cfg 2021/03/18 v2.0 Configuration of epstopdf for MiKTeX
))
Package hyperref Info: Link coloring OFF on input line 33.

(C:\Users\rafae\AppData\Local\Programs\MiKTeX 2.9\tex/latex/hyperref\nameref.st
y
Package: nameref 2021-04-02 v2.47 Cross-referencing by name of section

(C:\Users\rafae\AppData\Local\Programs\MiKTeX 2.9\tex/latex/refcount\refcount.s
ty
Package: refcount 2019/12/15 v3.6 Data extraction from label references (HO)
)
(C:\Users\rafae\AppData\Local\Programs\MiKTeX 2.9\tex/generic/gettitlestring\ge
ttitlestring.sty
Package: gettitlestring 2019/12/15 v1.6 Cleanup title references (HO)
)
\c@section@level=\count306
)
LaTeX Info: Redefining \ref on input line 33.
LaTeX Info: Redefining \pageref on input line 33.
LaTeX Info: Redefining \nameref on input line 33.
 (document.out) (document.out)
\@outlinefile=\write3
\openout3 = `document.out'.

<logo-facultad-ciencias-uma.jpg, id=65, 401.5pt x 401.5pt>
File: logo-facultad-ciencias-uma.jpg Graphic file (type jpg)
<use logo-facultad-ciencias-uma.jpg>
Package pdftex.def Info: logo-facultad-ciencias-uma.jpg  used on input line 38.

(pdftex.def)             Requested size: 72.26688pt x 72.26688pt.

Underfull \hbox (badness 10000) in paragraph at lines 84--85

 []


Underfull \hbox (badness 10000) in paragraph at lines 86--87

 []


Underfull \hbox (badness 10000) in paragraph at lines 88--89

 []


Underfull \hbox (badness 10000) in paragraph at lines 90--91

 []


Underfull \hbox (badness 10000) in paragraph at lines 92--93

 []


Underfull \hbox (badness 10000) in paragraph at lines 94--95

 []


Underfull \hbox (badness 10000) in paragraph at lines 96--97

 []

[1


{C:/Users/rafae/AppData/Local/MiKTeX/2.9/pdftex/config/pdftex.map} <./logo-facu
ltad-ciencias-uma.jpg>]pdfTeX warning (ext4): destination with the same identif
ier (name{page.I}) has been already used, duplicate ignored
<to be read again> 
                   \relax 
l.108 	\begin{titlepage}
                         [1]
Underfull \hbox (badness 10000) in paragraph at lines 127--129

 []


Underfull \hbox (badness 10000) in paragraph at lines 137--138

 []

pdfTeX warning (ext4): destination with the same identifier (name{page.I}) has 
been already used, duplicate ignored
<to be read again> 
                   \relax 
l.157 	\end{titlepage}
                       [1

] (document.toc
LaTeX Info: Redefining \. on input line 1.
LaTeX Info: Redefining \% on input line 1.


LaTeX Font Warning: Font shape `OT1/cmr/bx/sc' undefined
(Font)              using `OT1/cmr/bx/n' instead on input line 2.


Package spanish Warning: Replacing `OT1/cmr/bx/sc' by 
(spanish)                faked small caps on input line 2.


Package spanish Warning: Replacing `OT1/cmr/bx/sc' by 
(spanish)                faked small caps on input line 3.


Package spanish Warning: Replacing `OT1/cmr/bx/sc' by 
(spanish)                faked small caps on input line 4.

LaTeX Font Info:    Trying to load font information for U+msa on input line 6.
(C:\Users\rafae\AppData\Local\Programs\MiKTeX 2.9\tex/latex/amsfonts\umsa.fd
File: umsa.fd 2013/01/14 v3.01 AMS symbols A
)
LaTeX Font Info:    Trying to load font information for U+msb on input line 6.

(C:\Users\rafae\AppData\Local\Programs\MiKTeX 2.9\tex/latex/amsfonts\umsb.fd
File: umsb.fd 2013/01/14 v3.01 AMS symbols B
))
\tf@toc=\write4
\openout4 = `document.toc'.

pdfTeX warning (ext4): destination with the same identifier (name{page.I}) has 
been already used, duplicate ignored
<to be read again> 
                   \relax 
l.176 	
        [1

]
Underfull \hbox (badness 10000) in paragraph at lines 179--180

 []


Underfull \hbox (badness 10000) in paragraph at lines 187--188

 []

[2]
Underfull \hbox (badness 10000) in paragraph at lines 195--196

 []


Underfull \hbox (badness 10000) in paragraph at lines 204--205

 []

[3] [4

]
Cap\'{\i }tulo 1.

Underfull \hbox (badness 10000) in paragraph at lines 216--218

 []


Underfull \hbox (badness 10000) in paragraph at lines 219--221

 []


Underfull \hbox (badness 10000) in paragraph at lines 234--236

 []

[1

]
Underfull \hbox (badness 10000) in paragraph at lines 246--248

 []


Underfull \hbox (badness 10000) in paragraph at lines 249--251

 []


Underfull \hbox (badness 10000) in paragraph at lines 252--254

 []


Underfull \hbox (badness 10000) in paragraph at lines 255--257

 []


Underfull \hbox (badness 10000) in paragraph at lines 266--268

 []

LaTeX Info: Redefining \. on input line 268.
LaTeX Info: Redefining \% on input line 268.
[2]
Underfull \hbox (badness 10000) in paragraph at lines 269--271

 []


Underfull \hbox (badness 10000) in paragraph at lines 272--274

 []


Underfull \hbox (badness 10000) in paragraph at lines 275--277

 []


Underfull \hbox (badness 10000) in paragraph at lines 278--280

 []


Underfull \hbox (badness 10000) in paragraph at lines 285--287

 []

LaTeX Info: Redefining \. on input line 287.
LaTeX Info: Redefining \% on input line 287.
[3]
Underfull \hbox (badness 10000) in paragraph at lines 288--290

 []


Underfull \hbox (badness 10000) in paragraph at lines 291--293

 []


Underfull \hbox (badness 10000) in paragraph at lines 294--296

 []

<grafico-complejidad-computacionala3.png, id=141, 813.0375pt x 638.385pt>
File: grafico-complejidad-computacionala3.png Graphic file (type png)
<use grafico-complejidad-computacionala3.png>
Package pdftex.def Info: grafico-complejidad-computacionala3.png  used on input
 line 329.
(pdftex.def)             Requested size: 325.20924pt x 255.34947pt.

LaTeX Warning: `h' float specifier changed to `ht'.


Underfull \hbox (badness 10000) in paragraph at lines 334--336

 []


Underfull \hbox (badness 10000) in paragraph at lines 337--339

 []

LaTeX Info: Redefining \. on input line 340.
LaTeX Info: Redefining \% on input line 340.
[4]
Underfull \hbox (badness 10000) in paragraph at lines 340--342

 []


Underfull \hbox (badness 10000) in paragraph at lines 343--345

 []

LaTeX Info: Redefining \. on input line 357.
LaTeX Info: Redefining \% on input line 357.
[5 <./grafico-complejidad-computacionala3.png>]
Underfull \hbox (badness 10000) in paragraph at lines 362--364

 []


Underfull \hbox (badness 10000) in paragraph at lines 375--377

 []


Underfull \hbox (badness 10000) in paragraph at lines 378--380

 []

<PNP.png, id=161, 803.0pt x 568.1225pt>
File: PNP.png Graphic file (type png)
<use PNP.png>
Package pdftex.def Info: PNP.png  used on input line 391.
(pdftex.def)             Requested size: 321.1943pt x 227.24496pt.

LaTeX Warning: `h' float specifier changed to `ht'.


Underfull \hbox (badness 10000) in paragraph at lines 400--402

 []

LaTeX Info: Redefining \. on input line 402.
LaTeX Info: Redefining \% on input line 402.
[6]
Underfull \hbox (badness 10000) in paragraph at lines 403--405

 []

LaTeX Info: Redefining \. on input line 412.
LaTeX Info: Redefining \% on input line 412.
[7 <./PNP.png>]
Underfull \hbox (badness 10000) in paragraph at lines 428--430

 []

LaTeX Info: Redefining \. on input line 430.
LaTeX Info: Redefining \% on input line 430.
[8]
LaTeX Info: Redefining \. on input line 442.
LaTeX Info: Redefining \% on input line 442.
 [9]
Cap\'{\i }tulo 2.

Underfull \hbox (badness 10000) in paragraph at lines 451--453

 []


Underfull \hbox (badness 10000) in paragraph at lines 460--462

 []

[10

]
Underfull \hbox (badness 10000) in paragraph at lines 468--472

 []


Underfull \hbox (badness 10000) in paragraph at lines 489--491

 []


Underfull \hbox (badness 10000) in paragraph at lines 499--503

 []

LaTeX Info: Redefining \. on input line 505.
LaTeX Info: Redefining \% on input line 505.
[11]
Underfull \hbox (badness 10000) in paragraph at lines 507--509

 []


Underfull \hbox (badness 10000) in paragraph at lines 523--526

 []

LaTeX Info: Redefining \. on input line 526.
LaTeX Info: Redefining \% on input line 526.
[12]
Underfull \hbox (badness 10000) in paragraph at lines 527--552

 []


Underfull \hbox (badness 10000) in paragraph at lines 527--552

 []


Underfull \hbox (badness 10000) in paragraph at lines 558--560

 []


Overfull \hbox (14.63324pt too wide) in paragraph at lines 563--589
[] 
 []


Underfull \hbox (badness 10000) in paragraph at lines 563--589

 []


Underfull \hbox (badness 10000) in paragraph at lines 563--589

 []

LaTeX Info: Redefining \. on input line 589.
LaTeX Info: Redefining \% on input line 589.
[13]
Underfull \hbox (badness 10000) in paragraph at lines 597--598

 []


Underfull \hbox (badness 10000) in paragraph at lines 599--601

 []

LaTeX Info: Redefining \. on input line 616.
LaTeX Info: Redefining \% on input line 616.
[14]
Underfull \hbox (badness 10000) in paragraph at lines 640--642

 []


Underfull \hbox (badness 10000) in paragraph at lines 643--645

 []


Underfull \hbox (badness 10000) in paragraph at lines 646--648

 []


Overfull \hbox (14.63324pt too wide) in paragraph at lines 649--681
[] 
 []


Underfull \hbox (badness 10000) in paragraph at lines 649--681

 []


Underfull \hbox (badness 10000) in paragraph at lines 649--681

 []

LaTeX Info: Redefining \. on input line 681.
LaTeX Info: Redefining \% on input line 681.
[15]
Underfull \hbox (badness 10000) in paragraph at lines 682--684

 []


Underfull \hbox (badness 10000) in paragraph at lines 699--701

 []

LaTeX Info: Redefining \. on input line 701.
LaTeX Info: Redefining \% on input line 701.
[16]
Underfull \hbox (badness 10000) in paragraph at lines 702--704

 []


Underfull \hbox (badness 10000) in paragraph at lines 705--707

 []


Overfull \hbox (14.63324pt too wide) in paragraph at lines 708--738
[] 
 []


Underfull \hbox (badness 10000) in paragraph at lines 708--738

 []


Underfull \hbox (badness 10000) in paragraph at lines 708--738

 []


Underfull \hbox (badness 10000) in paragraph at lines 739--741

 []

LaTeX Info: Redefining \. on input line 741.
LaTeX Info: Redefining \% on input line 741.
[17]
Underfull \hbox (badness 10000) in paragraph at lines 745--747

 []


Underfull \hbox (badness 10000) in paragraph at lines 748--750

 []


Overfull \hbox (14.63324pt too wide) in paragraph at lines 751--782
[] 
 []


Underfull \hbox (badness 10000) in paragraph at lines 751--782

 []


Underfull \hbox (badness 10000) in paragraph at lines 751--782

 []

LaTeX Info: Redefining \. on input line 782.
LaTeX Info: Redefining \% on input line 782.
[18]
Underfull \hbox (badness 10000) in paragraph at lines 783--785

 []


Underfull \hbox (badness 10000) in paragraph at lines 786--788

 []


Underfull \hbox (badness 10000) in paragraph at lines 789--791

 []


Underfull \hbox (badness 10000) in paragraph at lines 795--797

 []

LaTeX Info: Redefining \. on input line 797.
LaTeX Info: Redefining \% on input line 797.
[19]
Underfull \hbox (badness 10000) in paragraph at lines 798--800

 []


Overfull \hbox (14.63324pt too wide) in paragraph at lines 801--859
[] 
 []


Underfull \hbox (badness 10000) in paragraph at lines 801--859

 []


Underfull \hbox (badness 10000) in paragraph at lines 801--859

 []

LaTeX Info: Redefining \. on input line 859.
LaTeX Info: Redefining \% on input line 859.
[20]
Overfull \vbox (32.0169pt too high) has occurred while \output is active []

LaTeX Info: Redefining \. on input line 859.
LaTeX Info: Redefining \% on input line 859.

[21]
Underfull \hbox (badness 10000) in paragraph at lines 863--865

 []


Underfull \hbox (badness 10000) in paragraph at lines 866--868

 []


Underfull \hbox (badness 10000) in paragraph at lines 872--874

 []


Underfull \hbox (badness 10000) in paragraph at lines 875--877

 []


Overfull \hbox (14.63324pt too wide) in paragraph at lines 878--910
[] 
 []


Underfull \hbox (badness 10000) in paragraph at lines 878--910

 []


Underfull \hbox (badness 10000) in paragraph at lines 878--910

 []

LaTeX Info: Redefining \. on input line 910.
LaTeX Info: Redefining \% on input line 910.
[22]
Underfull \hbox (badness 10000) in paragraph at lines 911--913

 []


Underfull \hbox (badness 10000) in paragraph at lines 914--916

 []


Underfull \hbox (badness 10000) in paragraph at lines 917--919

 []

LaTeX Info: Redefining \. on input line 921.
LaTeX Info: Redefining \% on input line 921.
[23]
Underfull \hbox (badness 10000) in paragraph at lines 923--925

 []

<arbolvslineal.png, id=255, 369.63094pt x 346.29375pt>
File: arbolvslineal.png Graphic file (type png)
<use arbolvslineal.png>
Package pdftex.def Info: arbolvslineal.png  used on input line 928.
(pdftex.def)             Requested size: 295.70514pt x 277.03537pt.

Overfull \hbox (29.33913pt too wide) in paragraph at lines 933--935
[]\OT1/cmr/bx/sc/12 https://www.oscarblancarteblog.com/2014/08/22/estructura-de
-datos-arboles/ 
 []


Underfull \hbox (badness 10000) in paragraph at lines 933--935

 []

LaTeX Info: Redefining \. on input line 945.
LaTeX Info: Redefining \% on input line 945.
[24 <./arbolvslineal.png>]
<tiposdenodos.png, id=262, 353.82187pt x 219.82124pt>
File: tiposdenodos.png Graphic file (type png)
<use tiposdenodos.png>
Package pdftex.def Info: tiposdenodos.png  used on input line 949.
(pdftex.def)             Requested size: 283.05788pt x 175.85722pt.
<nodospadrehijohermano.png, id=263, 404.26031pt x 139.27031pt>
File: nodospadrehijohermano.png Graphic file (type png)
<use nodospadrehijohermano.png>
Package pdftex.def Info: nodospadrehijohermano.png  used on input line 956.
(pdftex.def)             Requested size: 323.40869pt x 111.41638pt.
LaTeX Info: Redefining \. on input line 971.
LaTeX Info: Redefining \% on input line 971.
 [25 <./tiposdenodos.png> <./nodospadrehijohermano.png>]
<alturaniveles.png, id=273, 358.33875pt x 256.70906pt>
File: alturaniveles.png Graphic file (type png)
<use alturaniveles.png>
Package pdftex.def Info: alturaniveles.png  used on input line 974.
(pdftex.def)             Requested size: 286.67139pt x 205.36751pt.

Underfull \hbox (badness 10000) in paragraph at lines 986--988

 []


Underfull \hbox (badness 10000) in paragraph at lines 989--991

 []


Overfull \hbox (5.77112pt too wide) in paragraph at lines 992--994
[]\OT1/cmr/m/n/12 Definimos en-ton-ces los \OT1/cmr/bx/sc/12 arbo-les bi-na-ri
os ba-lan-cea-dos\OT1/cmr/m/n/12 , \OT1/cmr/bx/sc/12 arbo-les bi-na-rios de b
usque-
 []


Underfull \hbox (badness 10000) in paragraph at lines 992--994

 []

LaTeX Info: Redefining \. on input line 994.
LaTeX Info: Redefining \% on input line 994.
[26 <./alturaniveles.png>]
Underfull \hbox (badness 10000) in paragraph at lines 999--1001

 []

<desequilibrios.png, id=279, 449.88075pt x 364.36125pt>
File: desequilibrios.png Graphic file (type png)
<use desequilibrios.png>
Package pdftex.def Info: desequilibrios.png  used on input line 1006.
(pdftex.def)             Requested size: 359.90509pt x 291.48938pt.
<RotSimDrcha.png, id=280, 338.76563pt x 173.14688pt>
File: RotSimDrcha.png Graphic file (type png)
<use RotSimDrcha.png>
Package pdftex.def Info: RotSimDrcha.png  used on input line 1018.
(pdftex.def)             Requested size: 406.51671pt x 207.7752pt.
LaTeX Info: Redefining \. on input line 1021.
LaTeX Info: Redefining \% on input line 1021.
[27 <./desequilibrios.png>]
<RotSimIzq.png, id=286, 216.3282pt x 91.0602pt>
File: RotSimIzq.png Graphic file (type png)
<use RotSimIzq.png>
Package pdftex.def Info: RotSimIzq.png  used on input line 1027.
(pdftex.def)             Requested size: 324.4915pt x 136.58995pt.

Underfull \hbox (badness 10000) in paragraph at lines 1036--1038

 []

LaTeX Info: Redefining \. on input line 1041.
LaTeX Info: Redefining \% on input line 1041.
[28 <./RotSimDrcha.png> <./RotSimIzq.png>]
<RotDobDrcha.png, id=300, 542.025pt x 551.05875pt>
File: RotDobDrcha.png Graphic file (type png)
<use RotDobDrcha.png>
Package pdftex.def Info: RotDobDrcha.png  used on input line 1044.
(pdftex.def)             Requested size: 379.4149pt x 385.73848pt.

Underfull \hbox (badness 10000) in paragraph at lines 1049--1051

 []


Underfull \hbox (badness 10000) in paragraph at lines 1052--1054

 []


Underfull \hbox (badness 10000) in paragraph at lines 1055--1057

 []


Underfull \hbox (badness 10000) in paragraph at lines 1058--1060

 []

<busquedaarbolpng.png, id=301, 484.81125pt x 222.23026pt>
File: busquedaarbolpng.png Graphic file (type png)
<use busquedaarbolpng.png>
Package pdftex.def Info: busquedaarbolpng.png  used on input line 1063.
(pdftex.def)             Requested size: 436.32608pt x 200.00537pt.
LaTeX Info: Redefining \. on input line 1066.
LaTeX Info: Redefining \% on input line 1066.
[29 <./RotDobDrcha.png>]
Underfull \hbox (badness 10000) in paragraph at lines 1068--1070

 []


Underfull \hbox (badness 10000) in paragraph at lines 1071--1073

 []


Underfull \hbox (badness 10000) in paragraph at lines 1074--1076

 []


Underfull \hbox (badness 10000) in paragraph at lines 1077--1079

 []


Underfull \hbox (badness 10000) in paragraph at lines 1080--1082

 []


Underfull \hbox (badness 10000) in paragraph at lines 1083--1085

 []

LaTeX Info: Redefining \. on input line 1091.
LaTeX Info: Redefining \% on input line 1091.
[30 <./busquedaarbolpng.png>]
Underfull \hbox (badness 10000) in paragraph at lines 1101--1103

 []


Underfull \hbox (badness 10000) in paragraph at lines 1104--1106

 []


Underfull \hbox (badness 10000) in paragraph at lines 1107--1109

 []


Underfull \hbox (badness 10000) in paragraph at lines 1113--1115

 []


Overfull \hbox (44.00793pt too wide) in paragraph at lines 1118--1156
[] 
 []


Underfull \hbox (badness 10000) in paragraph at lines 1118--1156

 []


Underfull \hbox (badness 10000) in paragraph at lines 1118--1156

 []

LaTeX Info: Redefining \. on input line 1156.
LaTeX Info: Redefining \% on input line 1156.
[31]
Overfull \hbox (44.00793pt too wide) in paragraph at lines 1166--1182
[] 
 []


Underfull \hbox (badness 10000) in paragraph at lines 1166--1182

 []


Underfull \hbox (badness 10000) in paragraph at lines 1166--1182

 []

LaTeX Info: Redefining \. on input line 1182.
LaTeX Info: Redefining \% on input line 1182.
[32]
Underfull \hbox (badness 10000) in paragraph at lines 1188--1190

 []


Underfull \hbox (badness 10000) in paragraph at lines 1198--1200

 []


Underfull \hbox (badness 10000) in paragraph at lines 1201--1203

 []


Underfull \hbox (badness 10000) in paragraph at lines 1204--1206

 []


Underfull \hbox (badness 10000) in paragraph at lines 1207--1209

 []

LaTeX Info: Redefining \. on input line 1209.
LaTeX Info: Redefining \% on input line 1209.
[33]
Underfull \hbox (badness 10000) in paragraph at lines 1213--1215

 []


Overfull \hbox (44.00793pt too wide) in paragraph at lines 1216--1252
[] 
 []


Underfull \hbox (badness 10000) in paragraph at lines 1216--1252

 []


Underfull \hbox (badness 10000) in paragraph at lines 1216--1252

 []


Underfull \hbox (badness 10000) in paragraph at lines 1253--1255

 []

LaTeX Info: Redefining \. on input line 1255.
LaTeX Info: Redefining \% on input line 1255.
[34]
Overfull \hbox (44.00793pt too wide) in paragraph at lines 1258--1280
[] 
 []


Underfull \hbox (badness 10000) in paragraph at lines 1258--1280

 []


Underfull \hbox (badness 10000) in paragraph at lines 1258--1280

 []


Underfull \hbox (badness 10000) in paragraph at lines 1283--1285

 []


Underfull \hbox (badness 10000) in paragraph at lines 1289--1291

 []

LaTeX Info: Redefining \. on input line 1291.
LaTeX Info: Redefining \% on input line 1291.
[35]
Underfull \hbox (badness 10000) in paragraph at lines 1292--1294

 []


Underfull \hbox (badness 10000) in paragraph at lines 1307--1309

 []


Underfull \hbox (badness 10000) in paragraph at lines 1310--1312

 []

LaTeX Info: Redefining \. on input line 1312.
LaTeX Info: Redefining \% on input line 1312.
[36]
Underfull \hbox (badness 10000) in paragraph at lines 1313--1315

 []


Underfull \hbox (badness 10000) in paragraph at lines 1316--1318

 []

<algev.png, id=356, 525.965pt x 258.9675pt>
File: algev.png Graphic file (type png)
<use algev.png>
Package pdftex.def Info: algev.png  used on input line 1323.
(pdftex.def)             Requested size: 368.17297pt x 181.27599pt.

Overfull \hbox (14.63324pt too wide) in paragraph at lines 1330--1350
[] 
 []


Underfull \hbox (badness 10000) in paragraph at lines 1330--1350

 []


Underfull \hbox (badness 10000) in paragraph at lines 1330--1350

 []

LaTeX Info: Redefining \. on input line 1350.
LaTeX Info: Redefining \% on input line 1350.
[37 <./algev.png>]

LaTeX Warning: Citation `Zfinitegrading' on page 38 undefined on input line 135
7.


LaTeX Warning: Citation `enlace' on page 38 undefined on input line 1357.

(document.bbl
LaTeX Info: Redefining \. on input line 1.
LaTeX Info: Redefining \% on input line 1.
 [38]) [39

] (document.aux
LaTeX Info: Redefining \. on input line 22.
LaTeX Info: Redefining \% on input line 22.
)

LaTeX Font Warning: Some font shapes were not available, defaults substituted.


LaTeX Warning: There were undefined references.

Package rerunfilecheck Info: File `document.out' has not changed.
(rerunfilecheck)             Checksum: 14CB87A33D6072390479536DEDF052F6;2621.
 ) 
Here is how much of TeX's memory you used:
 11520 strings out of 479047
 169689 string characters out of 2849058
 501141 words of memory out of 3000000
 28919 multiletter control sequences out of 15000+600000
 413206 words of font info for 61 fonts, out of 8000000 for 9000
 1142 hyphenation exceptions out of 8191
 60i,9n,66p,1084b,484s stack positions out of 5000i,500n,10000p,200000b,80000s
 <C:\Users\rafae\AppData\Local\MiKTeX\2.9\fonts/pk/ljfour/jknappen/ec/dpi600\
tcrm1200.pk><C:/Users/rafae/AppData/Local/Programs/MiKTeX 2.9/fonts/type1/publi
c/amsfonts/cm/cmbx12.pfb><C:/Users/rafae/AppData/Local/Programs/MiKTeX 2.9/font
s/type1/public/amsfonts/cm/cmbx8.pfb><C:/Users/rafae/AppData/Local/Programs/MiK
TeX 2.9/fonts/type1/public/amsfonts/cm/cmbxti10.pfb><C:/Users/rafae/AppData/Loc
al/Programs/MiKTeX 2.9/fonts/type1/public/amsfonts/cm/cmcsc10.pfb><C:/Users/raf
ae/AppData/Local/Programs/MiKTeX 2.9/fonts/type1/public/amsfonts/cm/cmex10.pfb>
<C:/Users/rafae/AppData/Local/Programs/MiKTeX 2.9/fonts/type1/public/amsfonts/c
m/cmmi12.pfb><C:/Users/rafae/AppData/Local/Programs/MiKTeX 2.9/fonts/type1/publ
ic/amsfonts/cm/cmmi8.pfb><C:/Users/rafae/AppData/Local/Programs/MiKTeX 2.9/font
s/type1/public/amsfonts/cm/cmr12.pfb><C:/Users/rafae/AppData/Local/Programs/MiK
TeX 2.9/fonts/type1/public/amsfonts/cm/cmr17.pfb><C:/Users/rafae/AppData/Local/
Programs/MiKTeX 2.9/fonts/type1/public/amsfonts/cm/cmr8.pfb><C:/Users/rafae/App
Data/Local/Programs/MiKTeX 2.9/fonts/type1/public/amsfonts/cm/cmsl12.pfb><C:/Us
ers/rafae/AppData/Local/Programs/MiKTeX 2.9/fonts/type1/public/amsfonts/cm/cmsy
10.pfb><C:/Users/rafae/AppData/Local/Programs/MiKTeX 2.9/fonts/type1/public/ams
fonts/cm/cmsy8.pfb><C:/Users/rafae/AppData/Local/Programs/MiKTeX 2.9/fonts/type
1/public/amsfonts/cm/cmti12.pfb><C:/Users/rafae/AppData/Local/Programs/MiKTeX 2
.9/fonts/type1/public/amsfonts/symbols/msbm10.pfb>
Output written on document.pdf (46 pages, 625947 bytes).
PDF statistics:
 454 PDF objects out of 1000 (max. 8388607)
 126 named destinations out of 1000 (max. 500000)
 194 words of extra memory for PDF output out of 10000 (max. 10000000)

